Build started 25/12/2018 18:28:47.
     1>Project "C:\Users\M7MD\Documents\Visual Studio 2010\Projects\practical\practical\practical.vcxproj" on node 2 (build target(s)).
     1>InitializeBuildStatus:
         Creating "Debug\practical.unsuccessfulbuild" because "AlwaysCreate" was specified.
       ClCompile:
         C:\Program Files\Microsoft Visual Studio 10.0\VC\bin\CL.exe /c /ZI /nologo /W3 /WX- /Od /Oy- /D _MBCS /Gm /EHsc /RTC1 /MDd /GS /fp:precise /Zc:wchar_t /Zc:forScope /Fo"Debug\\" /Fd"Debug\vc100.pdb" /Gd /TP /analyze- /errorReport:prompt 1.cpp
         1.cpp
       Link:
         C:\Program Files\Microsoft Visual Studio 10.0\VC\bin\link.exe /ERRORREPORT:PROMPT /OUT:"C:\Users\M7MD\Documents\Visual Studio 2010\Projects\practical\Debug\practical.exe" /NOLOGO kernel32.lib user32.lib gdi32.lib winspool.lib comdlg32.lib advapi32.lib shell32.lib ole32.lib oleaut32.lib uuid.lib odbc32.lib odbccp32.lib /MANIFEST /ManifestFile:"Debug\practical.exe.intermediate.manifest" /MANIFESTUAC:"level='asInvoker' uiAccess='false'" /DEBUG /PDB:"C:\Users\M7MD\Documents\Visual Studio 2010\Projects\practical\Debug\practical.pdb" /TLBID:1 /DYNAMICBASE /NXCOMPAT /IMPLIB:"C:\Users\M7MD\Documents\Visual Studio 2010\Projects\practical\Debug\practical.lib" /MACHINE:X86 Debug\1.obj
         LINK : C:\Users\M7MD\Documents\Visual Studio 2010\Projects\practical\Debug\practical.exe not found or not built by the last incremental link; performing full link
         practical.vcxproj -> C:\Users\M7MD\Documents\Visual Studio 2010\Projects\practical\Debug\practical.exe
       Manifest:
         C:\Program Files\Microsoft SDKs\Windows\v7.0A\bin\mt.exe /nologo /verbose /outputresource:"C:\Users\M7MD\Documents\Visual Studio 2010\Projects\practical\Debug\practical.exe;#1" /manifest Debug\practical.exe.intermediate.manifest
     1>C:\Program Files\MSBuild\Microsoft.Cpp\v4.0\Microsoft.CppCommon.targets(562,5): error MSB6006: "mt.exe" exited with code 31.
     1>Done Building Project "C:\Users\M7MD\Documents\Visual Studio 2010\Projects\practical\practical\practical.vcxproj" (build target(s)) -- FAILED.

Build FAILED.

Time Elapsed 00:00:01.46
